c:\users\hardsite\desktop\engine3d\engine\engine\debug\vc141.pdb
c:\users\hardsite\desktop\engine3d\engine\engine\debug\vc141.idb
c:\users\hardsite\desktop\engine3d\engine\engine\debug\window.obj
c:\users\hardsite\desktop\engine3d\engine\engine\debug\triangle.obj
c:\users\hardsite\desktop\engine3d\engine\engine\debug\texture.obj
c:\users\hardsite\desktop\engine3d\engine\engine\debug\sprite.obj
c:\users\hardsite\desktop\engine3d\engine\engine\debug\renderer.obj
c:\users\hardsite\desktop\engine3d\engine\engine\debug\material.obj
c:\users\hardsite\desktop\engine3d\engine\engine\debug\input.obj
c:\users\hardsite\desktop\engine3d\engine\engine\debug\entity2d.obj
c:\users\hardsite\desktop\engine3d\engine\engine\debug\entity.obj
c:\users\hardsite\desktop\engine3d\engine\engine\debug\colorlist.obj
c:\users\hardsite\desktop\engine3d\engine\engine\debug\color.obj
c:\users\hardsite\desktop\engine3d\engine\engine\debug\collisionmanager.obj
c:\users\hardsite\desktop\engine3d\engine\engine\debug\basegame.obj
c:\users\hardsite\desktop\engine3d\engine\engine\debug\animation.obj
c:\users\hardsite\desktop\engine3d\engine\debug\engine.lib
c:\users\hardsite\desktop\engine3d\engine\debug\engine.exp
c:\users\hardsite\desktop\engine3d\engine\debug\engine.dll
c:\users\hardsite\desktop\engine3d\engine\debug\engine.ilk
c:\users\hardsite\desktop\engine3d\engine\debug\engine.pdb
c:\users\hardsite\desktop\engine3d\engine\engine\debug\engine.tlog\cl.command.1.tlog
c:\users\hardsite\desktop\engine3d\engine\engine\debug\engine.tlog\cl.read.1.tlog
c:\users\hardsite\desktop\engine3d\engine\engine\debug\engine.tlog\cl.write.1.tlog
c:\users\hardsite\desktop\engine3d\engine\engine\debug\engine.tlog\engine.write.1u.tlog
c:\users\hardsite\desktop\engine3d\engine\engine\debug\engine.tlog\link.command.1.tlog
c:\users\hardsite\desktop\engine3d\engine\engine\debug\engine.tlog\link.read.1.tlog
c:\users\hardsite\desktop\engine3d\engine\engine\debug\engine.tlog\link.write.1.tlog
