  Renderer.cpp
c:\users\hardsite\desktop\engine3d\engine\engine\renderer.h(43): warning C4251: 'Engine::Renderer::view': struct 'glm::mat<4,4,glm::f32,0>' necesita tener una interfaz DLL para que la utilicen los clientes de class 'Engine::Renderer'
  c:\users\hardsite\desktop\engine3d\engine\libs\glm\fwd.hpp(518): note: vea la declaración de 'glm::mat<4,4,glm::f32,0>'
c:\users\hardsite\desktop\engine3d\engine\engine\renderer.h(44): warning C4251: 'Engine::Renderer::proj': struct 'glm::mat<4,4,glm::f32,0>' necesita tener una interfaz DLL para que la utilicen los clientes de class 'Engine::Renderer'
  c:\users\hardsite\desktop\engine3d\engine\libs\glm\fwd.hpp(518): note: vea la declaración de 'glm::mat<4,4,glm::f32,0>'
c:\users\hardsite\desktop\engine3d\engine\engine\animation.h(13): warning C4251: 'Engine::Animation::imageCount': struct 'glm::vec<2,float,0>' necesita tener una interfaz DLL para que la utilicen los clientes de class 'Engine::Animation'
  c:\users\hardsite\desktop\engine3d\engine\libs\glm\fwd.hpp(417): note: vea la declaración de 'glm::vec<2,float,0>'
c:\users\hardsite\desktop\engine3d\engine\engine\animation.h(14): warning C4251: 'Engine::Animation::currentImage': struct 'glm::vec<2,float,0>' necesita tener una interfaz DLL para que la utilicen los clientes de class 'Engine::Animation'
  c:\users\hardsite\desktop\engine3d\engine\libs\glm\fwd.hpp(417): note: vea la declaración de 'glm::vec<2,float,0>'
c:\users\hardsite\desktop\engine3d\engine\engine\animation.h(15): warning C4251: 'Engine::Animation::finalSize': struct 'glm::vec<2,float,0>' necesita tener una interfaz DLL para que la utilicen los clientes de class 'Engine::Animation'
  c:\users\hardsite\desktop\engine3d\engine\libs\glm\fwd.hpp(417): note: vea la declaración de 'glm::vec<2,float,0>'
c:\users\hardsite\desktop\engine3d\engine\engine\animation.h(27): warning C4251: 'Engine::Animation::newTexCoords': struct 'glm::vec<2,float,0>' necesita tener una interfaz DLL para que la utilicen los clientes de class 'Engine::Animation'
  c:\users\hardsite\desktop\engine3d\engine\libs\glm\fwd.hpp(417): note: vea la declaración de 'glm::vec<2,float,0>'
c:\users\hardsite\desktop\engine3d\engine\engine\sprite.h(14): warning C4251: 'Engine::Sprite::spriteVertex': struct 'glm::vec<2,float,0>' necesita tener una interfaz DLL para que la utilicen los clientes de class 'Engine::Sprite'
  c:\users\hardsite\desktop\engine3d\engine\libs\glm\fwd.hpp(417): note: vea la declaración de 'glm::vec<2,float,0>'
     Creando biblioteca C:\Users\HARDSITE\Desktop\engine3D\Engine\Debug\Engine.lib y objeto C:\Users\HARDSITE\Desktop\engine3D\Engine\Debug\Engine.exp
LINK : warning LNK4098: la biblioteca predeterminada'LIBCMT' entra en conflicto con otras bibliotecas; use la biblioteca /NODEFAULTLIB:biblioteca
LINK : warning LNK4098: la biblioteca predeterminada'MSVCRT' entra en conflicto con otras bibliotecas; use la biblioteca /NODEFAULTLIB:biblioteca
glew32s.lib(glew.obj) : warning LNK4099: no se encontró PDB 'vc120.pdb' con 'glew32s.lib(glew.obj)' o en 'C:\Users\HARDSITE\Desktop\engine3D\Engine\Debug\vc120.pdb'; se vinculará el objeto sin tener en cuenta información de depuración
  Engine.vcxproj -> C:\Users\HARDSITE\Desktop\engine3D\Engine\Debug\Engine.dll
